<?xml version="1.0" encoding="UTF-8"?>
<!-- Generated by org.testng.reporters.JUnitXMLReporter -->
<testsuite ignored="0" hostname="Akhil" failures="1" tests="5" name="Test" time="87.312" errors="0" timestamp="2026-04-27T23:28:26 IST">
  <testcase classname="testCases.TC004_LoginTestDDT" name="Verify_loginDDT" time="3.604"/>
  <testcase classname="testCases.TC004_LoginTestDDT" name="Verify_loginDDT" time="3.271">
    <failure type="java.lang.AssertionError" message="null">
      <![CDATA[java.lang.AssertionError: null
at testCases.TC004_LoginTestDDT.Verify_loginDDT(TC004_LoginTestDDT.java:108)
at java.base/java.util.ArrayList.forEach(ArrayList.java:1596)
... Removed 27 stack frames]]>
    </failure>
  </testcase> <!-- Verify_loginDDT -->
  <testcase classname="testCases.TC004_LoginTestDDT" name="Verify_loginDDT" time="22.682"/>
  <testcase classname="testCases.TC004_LoginTestDDT" name="Verify_loginDDT" time="23.441"/>
  <testcase classname="testCases.TC004_LoginTestDDT" name="Verify_loginDDT" time="23.415"/>
</testsuite> <!-- Test -->
