<?xml version="1.0" encoding="UTF-8"?>
<!-- Generated by org.testng.reporters.JUnitXMLReporter -->
<testsuite ignored="0" hostname="Akhil" failures="1" tests="5" name="Test" time="73.042" errors="0" timestamp="2026-05-02T16:29:48 IST">
  <testcase classname="testCases.TC004_LoginTestDDT" name="Verify_loginDDT" time="2.796"/>
  <testcase classname="testCases.TC004_LoginTestDDT" name="Verify_loginDDT" time="1.978">
    <failure type="java.lang.AssertionError" message="null">
      <![CDATA[java.lang.AssertionError: null
at testCases.TC004_LoginTestDDT.Verify_loginDDT(TC004_LoginTestDDT.java:108)
at java.base/java.util.ArrayList.forEach(ArrayList.java:1596)
... Removed 27 stack frames]]>
    </failure>
  </testcase> <!-- Verify_loginDDT -->
  <testcase classname="testCases.TC004_LoginTestDDT" name="Verify_loginDDT" time="21.718"/>
  <testcase classname="testCases.TC004_LoginTestDDT" name="Verify_loginDDT" time="20.674"/>
  <testcase classname="testCases.TC004_LoginTestDDT" name="Verify_loginDDT" time="20.59"/>
</testsuite> <!-- Test -->
