<?xml version="1.0" encoding="UTF-8"?>
<!-- Generated by org.testng.reporters.JUnitXMLReporter -->
<testsuite ignored="0" hostname="Akhil" failures="1" tests="1" name="Test(failed)" time="7.804" errors="0" timestamp="2026-04-26T01:49:54 IST">
  <testcase classname="testCases.TC004_LoginTestDDT" name="Verify_loginDDT" time="3.448">
    <failure type="java.lang.AssertionError" message="null">
      <![CDATA[java.lang.AssertionError: null
at testCases.TC004_LoginTestDDT.Verify_loginDDT(TC004_LoginTestDDT.java:59)
at java.base/java.util.ArrayList.forEach(ArrayList.java:1596)
... Removed 27 stack frames]]>
    </failure>
  </testcase> <!-- Verify_loginDDT -->
</testsuite> <!-- Test(failed) -->
