<?xml version="1.0" encoding="UTF-8"?>
<testng-results ignored="0" total="5" passed="4" failed="1" skipped="0">
  <reporter-output>
  </reporter-output>
  <suite started-at="2026-04-27T23:26:58 IST" name="Suite" finished-at="2026-04-27T23:28:25 IST" duration-ms="87312">
    <groups>
    </groups>
    <test started-at="2026-04-27T23:26:58 IST" name="Test" finished-at="2026-04-27T23:28:25 IST" duration-ms="87312">
      <class name="testCases.TC004_LoginTestDDT">
        <test-method is-config="true" signature="setup(java.lang.String,java.lang.String)[pri:0, instance:testCases.TC004_LoginTestDDT@fade1fc]" started-at="2026-04-27T23:26:58 IST" name="setup" finished-at="2026-04-27T23:27:05 IST" duration-ms="6659" status="PASS">
          <params>
            <param index="0">
              <value>
                <![CDATA[windows]]>
              </value>
            </param>
            <param index="1">
              <value>
                <![CDATA[chrome]]>
              </value>
            </param>
          </params>
          <reporter-output>
          </reporter-output>
        </test-method> <!-- setup -->
        <test-method signature="Verify_loginDDT(java.util.Map)[pri:0, instance:testCases.TC004_LoginTestDDT@fade1fc]" started-at="2026-04-27T23:27:07 IST" name="Verify_loginDDT" data-provider="excelData" finished-at="2026-04-27T23:27:11 IST" duration-ms="3604" status="PASS">
          <params>
            <param index="0">
              <value>
                <![CDATA[{res=valid, password=test@123, email=abc123@gmail.com}]]>
              </value>
            </param>
          </params>
          <reporter-output>
          </reporter-output>
        </test-method> <!-- Verify_loginDDT -->
        <test-method signature="Verify_loginDDT(java.util.Map)[pri:0, instance:testCases.TC004_LoginTestDDT@fade1fc]" started-at="2026-04-27T23:27:11 IST" name="Verify_loginDDT" data-provider="excelData" finished-at="2026-04-27T23:27:14 IST" duration-ms="3271" status="FAIL">
          <params>
            <param index="0">
              <value>
                <![CDATA[{res=invalid, password=Laxmi, email=lakshmi@yahoo.com}]]>
              </value>
            </param>
          </params>
          <exception class="java.lang.AssertionError">
            <message>
              <![CDATA[null]]>
            </message>
            <full-stacktrace>
              <![CDATA[java.lang.AssertionError: null
at org.testng.Assert.fail(Assert.java:111)
at org.testng.Assert.fail(Assert.java:116)
at testCases.TC004_LoginTestDDT.Verify_loginDDT(TC004_LoginTestDDT.java:108)
at java.base/jdk.internal.reflect.DirectMethodHandleAccessor.invoke(DirectMethodHandleAccessor.java:103)
at java.base/java.lang.reflect.Method.invoke(Method.java:580)
at org.testng.internal.invokers.MethodInvocationHelper.invokeMethod(MethodInvocationHelper.java:141)
at org.testng.internal.invokers.TestInvoker.invokeMethod(TestInvoker.java:697)
at org.testng.internal.invokers.TestInvoker.invokeTestMethod(TestInvoker.java:230)
at org.testng.internal.invokers.MethodRunner.runInSequence(MethodRunner.java:63)
at org.testng.internal.invokers.TestInvoker$MethodInvocationAgent.invoke(TestInvoker.java:1005)
at org.testng.internal.invokers.TestInvoker.invokeTestMethods(TestInvoker.java:203)
at org.testng.internal.invokers.TestMethodWorker.invokeTestMethods(TestMethodWorker.java:154)
at org.testng.internal.invokers.TestMethodWorker.run(TestMethodWorker.java:134)
at java.base/java.util.ArrayList.forEach(ArrayList.java:1596)
at org.testng.TestRunner.privateRun(TestRunner.java:744)
at org.testng.TestRunner.run(TestRunner.java:616)
at org.testng.SuiteRunner.runTest(SuiteRunner.java:421)
at org.testng.SuiteRunner.runSequentially(SuiteRunner.java:413)
at org.testng.SuiteRunner.privateRun(SuiteRunner.java:373)
at org.testng.SuiteRunner.run(SuiteRunner.java:312)
at org.testng.SuiteRunnerWorker.runSuite(SuiteRunnerWorker.java:52)
at org.testng.SuiteRunnerWorker.run(SuiteRunnerWorker.java:95)
at org.testng.TestNG.runSuitesSequentially(TestNG.java:1274)
at org.testng.TestNG.runSuitesLocally(TestNG.java:1208)
at org.testng.TestNG.runSuites(TestNG.java:1112)
at org.testng.TestNG.run(TestNG.java:1079)
at org.testng.remote.AbstractRemoteTestNG.run(AbstractRemoteTestNG.java:115)
at org.testng.remote.RemoteTestNG.initAndRun(RemoteTestNG.java:293)
at org.testng.remote.RemoteTestNG.main(RemoteTestNG.java:91)
]]>
            </full-stacktrace>
          </exception> <!-- java.lang.AssertionError -->
          <reporter-output>
          </reporter-output>
        </test-method> <!-- Verify_loginDDT -->
        <test-method signature="Verify_loginDDT(java.util.Map)[pri:0, instance:testCases.TC004_LoginTestDDT@fade1fc]" started-at="2026-04-27T23:27:14 IST" name="Verify_loginDDT" data-provider="excelData" finished-at="2026-04-27T23:27:37 IST" duration-ms="22682" status="PASS">
          <params>
            <param index="0">
              <value>
                <![CDATA[{res=invalid, password=xyz, email=laks@yahoo.com}]]>
              </value>
            </param>
          </params>
          <reporter-output>
          </reporter-output>
        </test-method> <!-- Verify_loginDDT -->
        <test-method signature="Verify_loginDDT(java.util.Map)[pri:0, instance:testCases.TC004_LoginTestDDT@fade1fc]" started-at="2026-04-27T23:27:37 IST" name="Verify_loginDDT" data-provider="excelData" finished-at="2026-04-27T23:28:00 IST" duration-ms="23441" status="PASS">
          <params>
            <param index="0">
              <value>
                <![CDATA[{res=invalid, password=lakshmi, email=laksh@yahoo.com}]]>
              </value>
            </param>
          </params>
          <reporter-output>
          </reporter-output>
        </test-method> <!-- Verify_loginDDT -->
        <test-method signature="Verify_loginDDT(java.util.Map)[pri:0, instance:testCases.TC004_LoginTestDDT@fade1fc]" started-at="2026-04-27T23:28:00 IST" name="Verify_loginDDT" data-provider="excelData" finished-at="2026-04-27T23:28:24 IST" duration-ms="23415" status="PASS">
          <params>
            <param index="0">
              <value>
                <![CDATA[{res=invalid, password=test@123, email=pavanoltraining@gmail.com}]]>
              </value>
            </param>
          </params>
          <reporter-output>
          </reporter-output>
        </test-method> <!-- Verify_loginDDT -->
        <test-method is-config="true" signature="tearDown()[pri:0, instance:testCases.TC004_LoginTestDDT@fade1fc]" started-at="2026-04-27T23:28:24 IST" name="tearDown" finished-at="2026-04-27T23:28:25 IST" duration-ms="1062" status="PASS">
          <reporter-output>
          </reporter-output>
        </test-method> <!-- tearDown -->
      </class> <!-- testCases.TC004_LoginTestDDT -->
    </test> <!-- Test -->
  </suite> <!-- Suite -->
</testng-results>
