<?xml version="1.0" encoding="UTF-8"?>
<testng-results ignored="0" total="2" passed="2" failed="0" skipped="0">
  <reporter-output>
  </reporter-output>
  <suite started-at="2026-05-02T16:57:34 IST" name="Suite" finished-at="2026-05-02T16:57:43 IST" duration-ms="9867">
    <groups>
    </groups>
    <test started-at="2026-05-02T16:57:34 IST" name="EdgeTest" finished-at="2026-05-02T16:57:42 IST" duration-ms="8932">
      <class name="testCases.TC001_AccountRegistrationTest">
        <test-method is-config="true" signature="setup(java.lang.String,java.lang.String)[pri:0, instance:testCases.TC001_AccountRegistrationTest@70ab2d48]" started-at="2026-05-02T16:57:34 IST" name="setup" finished-at="2026-05-02T16:57:36 IST" duration-ms="2469" status="PASS">
          <params>
            <param index="0">
              <value>
                <![CDATA[windows]]>
              </value>
            </param>
            <param index="1">
              <value>
                <![CDATA[edge]]>
              </value>
            </param>
          </params>
          <reporter-output>
          </reporter-output>
        </test-method> <!-- setup -->
        <test-method signature="verify_account_registration()[pri:0, instance:testCases.TC001_AccountRegistrationTest@70ab2d48]" started-at="2026-05-02T16:57:36 IST" name="verify_account_registration" finished-at="2026-05-02T16:57:42 IST" duration-ms="6221" status="PASS">
          <reporter-output>
          </reporter-output>
        </test-method> <!-- verify_account_registration -->
        <test-method is-config="true" signature="tearDown()[pri:0, instance:testCases.TC001_AccountRegistrationTest@70ab2d48]" started-at="2026-05-02T16:57:42 IST" name="tearDown" finished-at="2026-05-02T16:57:42 IST" duration-ms="195" status="PASS">
          <reporter-output>
          </reporter-output>
        </test-method> <!-- tearDown -->
      </class> <!-- testCases.TC001_AccountRegistrationTest -->
    </test> <!-- EdgeTest -->
    <test started-at="2026-05-02T16:57:34 IST" name="ChromeTest" finished-at="2026-05-02T16:57:43 IST" duration-ms="9867">
      <class name="testCases.TC001_AccountRegistrationTest">
        <test-method is-config="true" signature="setup(java.lang.String,java.lang.String)[pri:0, instance:testCases.TC001_AccountRegistrationTest@7ca33c24]" started-at="2026-05-02T16:57:34 IST" name="setup" finished-at="2026-05-02T16:57:36 IST" duration-ms="2332" status="PASS">
          <params>
            <param index="0">
              <value>
                <![CDATA[windows]]>
              </value>
            </param>
            <param index="1">
              <value>
                <![CDATA[chrome]]>
              </value>
            </param>
          </params>
          <reporter-output>
          </reporter-output>
        </test-method> <!-- setup -->
        <test-method signature="verify_account_registration()[pri:0, instance:testCases.TC001_AccountRegistrationTest@7ca33c24]" started-at="2026-05-02T16:57:36 IST" name="verify_account_registration" finished-at="2026-05-02T16:57:43 IST" duration-ms="7250" status="PASS">
          <reporter-output>
          </reporter-output>
        </test-method> <!-- verify_account_registration -->
        <test-method is-config="true" signature="tearDown()[pri:0, instance:testCases.TC001_AccountRegistrationTest@7ca33c24]" started-at="2026-05-02T16:57:43 IST" name="tearDown" finished-at="2026-05-02T16:57:43 IST" duration-ms="185" status="PASS">
          <reporter-output>
          </reporter-output>
        </test-method> <!-- tearDown -->
      </class> <!-- testCases.TC001_AccountRegistrationTest -->
    </test> <!-- ChromeTest -->
  </suite> <!-- Suite -->
</testng-results>
